vgg pretrained loaded
2019-01-21 11:42:57.582067: I tensorflow/core/platform/cpu_feature_guard.cc:141] Your CPU supports instructions that this TensorFlow binary was not compiled to use: AVX2 FMA
2019-01-21 11:42:59.869665: I tensorflow/stream_executor/cuda/cuda_gpu_executor.cc:964] successful NUMA node read from SysFS had negative value (-1), but there must be at least one NUMA node, so returning NUMA node zero
2019-01-21 11:42:59.870070: I tensorflow/core/common_runtime/gpu/gpu_device.cc:1432] Found device 0 with properties: 
name: Tesla K80 major: 3 minor: 7 memoryClockRate(GHz): 0.8235
pciBusID: 0000:00:04.0
totalMemory: 11.17GiB freeMemory: 11.10GiB
2019-01-21 11:42:59.870093: I tensorflow/core/common_runtime/gpu/gpu_device.cc:1511] Adding visible gpu devices: 0
2019-01-21 11:43:00.156329: I tensorflow/core/common_runtime/gpu/gpu_device.cc:982] Device interconnect StreamExecutor with strength 1 edge matrix:
2019-01-21 11:43:00.156393: I tensorflow/core/common_runtime/gpu/gpu_device.cc:988]      0 
2019-01-21 11:43:00.156401: I tensorflow/core/common_runtime/gpu/gpu_device.cc:1001] 0:   N 
2019-01-21 11:43:00.156651: I tensorflow/core/common_runtime/gpu/gpu_device.cc:1115] Created TensorFlow device (/job:localhost/replica:0/task:0/device:GPU:0 with 10758 MB memory) -> physical GPU (device: 0, name: Tesla K80, pci bus id: 0000:00:04.0, compute capability: 3.7)
/usr/local/lib/python3.5/dist-packages/tensorflow/python/ops/gradients_impl.py:112: UserWarning: Converting sparse IndexedSlices to a dense Tensor of unknown shape. This may consume a large amount of memory.
  "Converting sparse IndexedSlices to a dense Tensor of unknown shape. "
loss : 1.7416281700134277       --> : 0
loss : 1.1706275939941406       --> : 1
loss : 1.1404677629470825       --> : 2
loss : 0.9521368145942688       --> : 3
loss : 1.0117673873901367       --> : 4
loss : 0.9225289225578308       --> : 5
loss : 0.8424376249313354       --> : 6
loss : 0.9887208342552185       --> : 7
loss : 0.846581757068634       --> : 8
loss : 0.8270533680915833       --> : 9
loss : 0.8259329795837402       --> : 10
loss : 0.8313033580780029       --> : 11
loss : 0.7165054678916931       --> : 12
loss : 0.8628712892532349       --> : 13
loss : 0.7676963806152344       --> : 14
loss : 0.6782433986663818       --> : 15
loss : 0.5231297612190247       --> : 16
loss : 0.8686093091964722       --> : 17
loss : 0.6780086159706116       --> : 18
loss : 0.7135769128799438       --> : 19
loss : 1.4283050298690796       --> : 20
loss : 0.850009560585022       --> : 21
loss : 0.7104142904281616       --> : 22
loss : 0.6541659235954285       --> : 23
loss : 1.1240770816802979       --> : 24
loss : 0.7570803165435791       --> : 25
loss : 0.6119356751441956       --> : 26
loss : 0.5414883494377136       --> : 27
loss : 0.9666249752044678       --> : 28
loss : 0.7550100684165955       --> : 29
loss : 0.6135977506637573       --> : 30
loss : 0.8906692862510681       --> : 31
loss : 0.8207178115844727       --> : 32
loss : 0.6619667410850525       --> : 33
loss : 0.8607094287872314       --> : 34
loss : 0.6074115037918091       --> : 35
loss : 0.586245596408844       --> : 36
loss : 0.7277761101722717       --> : 37
loss : 0.661413848400116       --> : 38
loss : 0.7519539594650269       --> : 39
loss : 0.8908969759941101       --> : 40
loss : 0.9519458413124084       --> : 41
loss : 1.04175865650177       --> : 42
loss : 0.6047987341880798       --> : 43
loss : 0.548015832901001       --> : 44
loss : 0.698201060295105       --> : 45
loss : 0.5437986254692078       --> : 46
loss : 0.6684471964836121       --> : 47
loss : 0.6893776655197144       --> : 48
loss : 0.6476563215255737       --> : 49
loss : 0.6238358020782471       --> : 50
loss : 0.6270692348480225       --> : 51
loss : 0.6234033107757568       --> : 52
loss : 0.624732255935669       --> : 53
loss : 0.5635181665420532       --> : 54
loss : 0.6917957067489624       --> : 55
loss : 0.6305484771728516       --> : 56
loss : 0.64657062292099       --> : 57
loss : 0.6387934684753418       --> : 58
loss : 0.713807225227356       --> : 59
loss : 0.5320382118225098       --> : 60
loss : 0.6012827754020691       --> : 61
loss : 0.9698647260665894       --> : 62
loss : 0.49351975321769714       --> : 63
loss : 0.6971803307533264       --> : 64
loss : 0.5466598868370056       --> : 65
loss : 0.6706584692001343       --> : 66
loss : 0.5780026912689209       --> : 67
loss : 0.49855417013168335       --> : 68
loss : 0.6908037662506104       --> : 69
loss : 0.5198045969009399       --> : 70
loss : 0.6275191903114319       --> : 71
loss : 0.8974652290344238       --> : 72
loss : 0.7179279923439026       --> : 73
loss : 0.6800194382667542       --> : 74
loss : 0.633041262626648       --> : 75
loss : 0.6161354780197144       --> : 76
loss : 0.6467282176017761       --> : 77
loss : 0.7168951034545898       --> : 78
loss : 0.7946001291275024       --> : 79
loss : 0.6895720958709717       --> : 80
loss : 0.701686680316925       --> : 81
loss : 0.596753716468811       --> : 82
loss : 0.5455209612846375       --> : 83
loss : 0.6450873017311096       --> : 84
loss : 0.6075239777565002       --> : 85
loss : 0.575009286403656       --> : 86
loss : 0.587920069694519       --> : 87
loss : 0.7078145742416382       --> : 88
loss : 1.3432964086532593       --> : 89
loss : 0.7338635325431824       --> : 90
loss : 0.8444867730140686       --> : 91
loss : 0.666902482509613       --> : 92
loss : 0.6088158488273621       --> : 93
loss : 0.6025004982948303       --> : 94
loss : 0.5573813319206238       --> : 95
loss : 0.6637117266654968       --> : 96
loss : 0.6347686052322388       --> : 97
loss : 0.7755924463272095       --> : 98
loss : 0.5557481646537781       --> : 99
loss : 0.7345829010009766       --> : 100
loss : 0.5799917578697205       --> : 101
loss : 0.6246265172958374       --> : 102
loss : 0.8645983338356018       --> : 103
loss : 0.5361223220825195       --> : 104
loss : 0.5753496289253235       --> : 105
loss : 0.5995528101921082       --> : 106
loss : 0.5034162998199463       --> : 107
loss : 0.5346966981887817       --> : 108
loss : 0.5780722498893738       --> : 109
loss : 0.7520758509635925       --> : 110
loss : 0.554773211479187       --> : 111
loss : 0.7648439407348633       --> : 112
loss : 0.6809128522872925       --> : 113
loss : 0.6378180384635925       --> : 114
loss : 0.6396408081054688       --> : 115
loss : 0.6421559453010559       --> : 116
loss : 0.7304844260215759       --> : 117
loss : 0.7879480719566345       --> : 118
loss : 0.8355739116668701       --> : 119
loss : 0.623521625995636       --> : 120
loss : 0.6889267563819885       --> : 121
loss : 0.5732797980308533       --> : 122
loss : 0.6912165880203247       --> : 123
loss : 0.5550496578216553       --> : 124
loss : 0.6362961530685425       --> : 125
loss : 0.8781806826591492       --> : 126
loss : 0.6184315085411072       --> : 127
loss : 0.6088517308235168       --> : 128
loss : 0.5359518527984619       --> : 129
loss : 0.6046838760375977       --> : 130
loss : 0.641979455947876       --> : 131
loss : 0.6133695244789124       --> : 132
loss : 0.6667473912239075       --> : 133
loss : 0.9927635788917542       --> : 134
loss : 0.5798131823539734       --> : 135
loss : 0.5074360966682434       --> : 136
loss : 0.5153067708015442       --> : 137
loss : 0.5085948705673218       --> : 138
loss : 0.9413158297538757       --> : 139
loss : 0.7268760800361633       --> : 140
loss : 0.7050743699073792       --> : 141
loss : 0.6097540259361267       --> : 142
loss : 0.8568319082260132       --> : 143
loss : 0.5754641890525818       --> : 144
loss : 0.7276709079742432       --> : 145
loss : 0.6549010872840881       --> : 146
loss : 0.6333492398262024       --> : 147
loss : 0.7707275748252869       --> : 148
loss : 0.548089325428009       --> : 149
loss : 0.7734076976776123       --> : 150
loss : 0.6233087182044983       --> : 151
loss : 0.6610440015792847       --> : 152
loss : 0.704617977142334       --> : 153
loss : 0.6361472606658936       --> : 154
loss : 0.5957774519920349       --> : 155
loss : 0.6697155833244324       --> : 156
loss : 0.632301926612854       --> : 157
loss : 0.5921072363853455       --> : 158
loss : 0.7274391651153564       --> : 159
loss : 0.5218352675437927       --> : 160
loss : 0.898465096950531       --> : 161
loss : 0.6919728517532349       --> : 162
loss : 0.6449844837188721       --> : 163
loss : 0.6115522384643555       --> : 164
loss : 0.5895931720733643       --> : 165
loss : 0.6753962635993958       --> : 166
loss : 0.5375809669494629       --> : 167
loss : 0.6257351040840149       --> : 168
loss : 0.6109784841537476       --> : 169
loss : 0.7344425320625305       --> : 170
loss : 0.5721613764762878       --> : 171
loss : 0.5707676410675049       --> : 172
loss : 0.6447106599807739       --> : 173
loss : 0.636997401714325       --> : 174
loss : 0.6567323803901672       --> : 175
loss : 0.6321641802787781       --> : 176
loss : 0.5274220108985901       --> : 177
loss : 0.7123897075653076       --> : 178
loss : 0.5564711093902588       --> : 179
loss : 0.6421619653701782       --> : 180
loss : 0.6816904544830322       --> : 181
loss : 0.6485695242881775       --> : 182
loss : 0.5870595574378967       --> : 183
loss : 0.6832245588302612       --> : 184
loss : 0.6396827697753906       --> : 185
loss : 0.5966063737869263       --> : 186
loss : 0.5925631523132324       --> : 187
loss : 0.5663257241249084       --> : 188
loss : 0.5522864460945129       --> : 189
loss : 0.586061418056488       --> : 190
loss : 0.6030815243721008       --> : 191
loss : 0.6663075089454651       --> : 192
loss : 0.6216077208518982       --> : 193
loss : 0.5682779550552368       --> : 194
loss : 0.5257132053375244       --> : 195
loss : 0.520277202129364       --> : 196
loss : 0.8199699521064758       --> : 197
loss : 0.5819305777549744       --> : 198
loss : 0.6970541477203369       --> : 199
loss : 0.5825653076171875       --> : 200
loss : 0.6083376407623291       --> : 201
loss : 0.599288821220398       --> : 202
loss : 0.6414192318916321       --> : 203
loss : 0.6294414401054382       --> : 204
loss : 0.6795109510421753       --> : 205
loss : 0.5638302564620972       --> : 206
loss : 0.6988834738731384       --> : 207
loss : 0.6010790467262268       --> : 208
loss : 0.5678235292434692       --> : 209
loss : 0.6621695160865784       --> : 210
loss : 0.49302324652671814       --> : 211
loss : 0.5999647378921509       --> : 212
loss : 0.5859132409095764       --> : 213
loss : 0.6041122674942017       --> : 214
loss : 0.5712932348251343       --> : 215
loss : 0.700697660446167       --> : 216
loss : 0.5949779152870178       --> : 217
loss : 0.599996030330658       --> : 218
loss : 0.6257062554359436       --> : 219
loss : 0.6437405347824097       --> : 220
loss : 0.628276526927948       --> : 221
loss : 0.5554895997047424       --> : 222
loss : 0.7207136750221252       --> : 223
loss : 0.6890059113502502       --> : 224
loss : 0.5933496356010437       --> : 225
loss : 0.6241604685783386       --> : 226
loss : 0.6200898289680481       --> : 227
loss : 0.7540783882141113       --> : 228
loss : 0.714432954788208       --> : 229
loss : 0.5524654388427734       --> : 230
loss : 0.5638261437416077       --> : 231
loss : 0.7772877216339111       --> : 232
loss : 0.5866571068763733       --> : 233
loss : 0.6129642128944397       --> : 234
loss : 0.5886561274528503       --> : 235
loss : 0.5841389894485474       --> : 236
loss : 0.5819348096847534       --> : 237
loss : 0.5733790397644043       --> : 238
loss : 0.6620739102363586       --> : 239
loss : 0.6065589785575867       --> : 240
loss : 0.6487151384353638       --> : 241
loss : 0.5833403468132019       --> : 242
loss : 0.6260434985160828       --> : 243
loss : 0.5629104971885681       --> : 244
loss : 0.5344895720481873       --> : 245
loss : 0.7029423117637634       --> : 246
loss : 0.6177735328674316       --> : 247
loss : 0.5594313144683838       --> : 248
loss : 0.5940332412719727       --> : 249
loss : 0.5902520418167114       --> : 250
loss : 0.6393108367919922       --> : 251
loss : 0.6772863864898682       --> : 252
loss : 0.6300272345542908       --> : 253
loss : 0.6398956775665283       --> : 254
loss : 0.6786181926727295       --> : 255
loss : 0.6786181926727295      epoch --> : 0
loss : 0.38876208662986755       --> : 0
loss : 0.528448760509491       --> : 1
loss : 0.5850471258163452       --> : 2
loss : 0.5872935056686401       --> : 3
loss : 0.6582603454589844       --> : 4
loss : 0.718193531036377       --> : 5
loss : 0.5210831761360168       --> : 6
loss : 0.571099579334259       --> : 7
loss : 0.6269278526306152       --> : 8
loss : 0.6415737867355347       --> : 9
loss : 0.5054980516433716       --> : 10
loss : 0.6070072054862976       --> : 11
loss : 0.5119234323501587       --> : 12
loss : 0.5205017924308777       --> : 13
loss : 0.5247092843055725       --> : 14
loss : 0.5424103140830994       --> : 15
loss : 0.42485302686691284       --> : 16
loss : 0.6098604202270508       --> : 17
loss : 0.5888005495071411       --> : 18
loss : 0.7661538124084473       --> : 19
loss : 1.5293591022491455       --> : 20
loss : 0.6135445833206177       --> : 21
loss : 0.5176766514778137       --> : 22
loss : 0.46270641684532166       --> : 23
loss : 0.6768069267272949       --> : 24
loss : 0.5623025894165039       --> : 25
loss : 0.4971849024295807       --> : 26
loss : 0.6198226809501648       --> : 27
loss : 0.50867760181427       --> : 28
loss : 0.5964320302009583       --> : 29
loss : 0.5804275870323181       --> : 30
loss : 0.6729600429534912       --> : 31
loss : 0.7128679752349854       --> : 32
loss : 0.5345419645309448       --> : 33
loss : 0.6931743621826172       --> : 34
loss : 0.599364161491394       --> : 35
loss : 0.6240677833557129       --> : 36
loss : 0.5190227627754211       --> : 37
loss : 0.5742865800857544       --> : 38
loss : 0.6346101760864258       --> : 39
loss : 0.5527610778808594       --> : 40
loss : 0.5998125076293945       --> : 41
loss : 0.8810654878616333       --> : 42
loss : 0.5946637988090515       --> : 43
loss : 0.554509162902832       --> : 44
loss : 0.5234736204147339       --> : 45
loss : 0.5236096382141113       --> : 46
loss : 0.5966726541519165       --> : 47
loss : 0.609897255897522       --> : 48
loss : 0.5530598759651184       --> : 49
loss : 0.6671973466873169       --> : 50
loss : 0.6110150218009949       --> : 51
loss : 0.6467061042785645       --> : 52
loss : 0.48339831829071045       --> : 53
loss : 0.5515349507331848       --> : 54
loss : 0.5320403575897217       --> : 55
loss : 0.6126317381858826       --> : 56
loss : 0.5435216426849365       --> : 57
loss : 0.5795677304267883       --> : 58
loss : 0.6047215461730957       --> : 59
loss : 0.5917453765869141       --> : 60
loss : 0.5463904142379761       --> : 61
loss : 0.8611103296279907       --> : 62
loss : 0.4480159878730774       --> : 63
loss : 0.6286801099777222       --> : 64
loss : 0.6047573089599609       --> : 65
loss : 0.6355161666870117       --> : 66
loss : 0.6885650157928467       --> : 67
loss : 0.5520594716072083       --> : 68
loss : 0.5749433040618896       --> : 69
loss : 0.5280014276504517       --> : 70
loss : 0.680529773235321       --> : 71
loss : 0.8388265371322632       --> : 72
loss : 0.6138020753860474       --> : 73
loss : 0.5715844631195068       --> : 74
loss : 0.5743651390075684       --> : 75
loss : 0.6285395622253418       --> : 76
loss : 0.5509356260299683       --> : 77
loss : 0.6210244297981262       --> : 78
loss : 0.6818149089813232       --> : 79
loss : 0.698621392250061       --> : 80
loss : 0.7313424944877625       --> : 81
loss : 0.6157330274581909       --> : 82
loss : 0.6036078929901123       --> : 83
loss : 0.5595000982284546       --> : 84
loss : 0.5428918600082397       --> : 85
loss : 0.5042414665222168       --> : 86
loss : 0.6066933870315552       --> : 87
loss : 0.6685352325439453       --> : 88
loss : 1.2690215110778809       --> : 89
loss : 0.5865786671638489       --> : 90
loss : 0.6887155175209045       --> : 91
loss : 0.6062199473381042       --> : 92
loss : 0.6226084232330322       --> : 93
loss : 0.5773672461509705       --> : 94
loss : 0.5396021604537964       --> : 95
loss : 0.6004567742347717       --> : 96
loss : 0.5419278740882874       --> : 97
loss : 0.6076005697250366       --> : 98
loss : 0.7286580801010132       --> : 99
loss : 0.5600308775901794       --> : 100
loss : 0.5376567840576172       --> : 101
loss : 0.5720630288124084       --> : 102
loss : 0.7138828635215759       --> : 103
loss : 0.6058415174484253       --> : 104
loss : 0.5809784531593323       --> : 105
loss : 0.540376603603363       --> : 106
loss : 0.5570579171180725       --> : 107
loss : 0.5593637824058533       --> : 108
loss : 0.5495854020118713       --> : 109
loss : 0.7281124591827393       --> : 110
loss : 0.5656849145889282       --> : 111
loss : 0.5724771022796631       --> : 112
loss : 0.5903670787811279       --> : 113
loss : 0.49614471197128296       --> : 114
loss : 0.5363996624946594       --> : 115
loss : 0.5640369057655334       --> : 116
loss : 0.6445054411888123       --> : 117
loss : 0.7068232297897339       --> : 118
loss : 0.7924604415893555       --> : 119
loss : 0.5428826808929443       --> : 120
loss : 0.6221207976341248       --> : 121
loss : 0.6210820078849792       --> : 122
loss : 0.6870573163032532       --> : 123
loss : 0.5381205677986145       --> : 124
loss : 0.5295830368995667       --> : 125
loss : 0.8433815836906433       --> : 126
loss : 0.523190438747406       --> : 127
loss : 0.5777028203010559       --> : 128
loss : 0.5206699967384338       --> : 129
loss : 0.5834922194480896       --> : 130
loss : 0.5646755695343018       --> : 131
loss : 0.5385679602622986       --> : 132
loss : 0.6070437431335449       --> : 133
loss : 1.0856132507324219       --> : 134
loss : 0.6113812327384949       --> : 135
loss : 0.5446870923042297       --> : 136
loss : 0.5506314039230347       --> : 137
loss : 0.4899785816669464       --> : 138
loss : 0.7021892070770264       --> : 139
loss : 0.5176216959953308       --> : 140
loss : 0.5586596131324768       --> : 141
loss : 0.6034569144248962       --> : 142
loss : 0.5977640151977539       --> : 143
loss : 0.5002418756484985       --> : 144
loss : 0.5837411880493164       --> : 145
loss : 0.6047940254211426       --> : 146
loss : 0.5666086077690125       --> : 147
loss : 0.7529905438423157       --> : 148
loss : 0.5425096154212952       --> : 149
loss : 0.7179935574531555       --> : 150
loss : 0.536450207233429       --> : 151
loss : 0.5356655120849609       --> : 152
loss : 0.5497670769691467       --> : 153
loss : 0.5461387038230896       --> : 154
loss : 0.5310238599777222       --> : 155
loss : 0.7765064239501953       --> : 156
loss : 0.5624317526817322       --> : 157
loss : 0.5349441766738892       --> : 158
loss : 0.7509023547172546       --> : 159
loss : 0.5251787304878235       --> : 160
loss : 0.7130289077758789       --> : 161
loss : 0.5483274459838867       --> : 162
loss : 0.5571644306182861       --> : 163
loss : 0.5878630876541138       --> : 164
loss : 0.5891292691230774       --> : 165
loss : 0.6229283213615417       --> : 166
loss : 0.5719226598739624       --> : 167
loss : 0.5550246834754944       --> : 168
loss : 0.5357375741004944       --> : 169
loss : 0.5375051498413086       --> : 170
loss : 0.555053174495697       --> : 171
loss : 0.5519405603408813       --> : 172
loss : 0.532988965511322       --> : 173
loss : 0.5676384568214417       --> : 174
loss : 0.6184436678886414       --> : 175
loss : 0.5227662324905396       --> : 176
loss : 0.5246095061302185       --> : 177
loss : 0.5907173752784729       --> : 178
loss : 0.49235501885414124       --> : 179
loss : 0.5768424868583679       --> : 180
loss : 0.5806809663772583       --> : 181
loss : 0.5361557602882385       --> : 182
loss : 0.5443081855773926       --> : 183
loss : 0.5354365706443787       --> : 184
loss : 0.5470206141471863       --> : 185
loss : 0.6383275389671326       --> : 186
loss : 0.5745195150375366       --> : 187
loss : 0.5134152173995972       --> : 188
loss : 0.5532426834106445       --> : 189
loss : 0.5906461477279663       --> : 190
loss : 0.45633625984191895       --> : 191
loss : 0.6117894649505615       --> : 192
loss : 0.5233495831489563       --> : 193
loss : 0.556318461894989       --> : 194
loss : 0.4925135374069214       --> : 195
loss : 0.5395383238792419       --> : 196
loss : 0.6437634825706482       --> : 197
loss : 0.6096530556678772       --> : 198
loss : 0.7149916291236877       --> : 199
loss : 0.5828768014907837       --> : 200
loss : 0.5749049782752991       --> : 201
loss : 0.5714033842086792       --> : 202
loss : 0.4853951036930084       --> : 203
loss : 0.5843781232833862       --> : 204
loss : 0.5775585174560547       --> : 205
loss : 0.46647554636001587       --> : 206
loss : 0.6434100270271301       --> : 207
loss : 0.5836867690086365       --> : 208
loss : 0.548272967338562       --> : 209
loss : 0.555087149143219       --> : 210
loss : 0.4918272793292999       --> : 211
loss : 0.515425980091095       --> : 212
loss : 0.5777281522750854       --> : 213
loss : 0.5201379060745239       --> : 214
loss : 0.5852994322776794       --> : 215
loss : 0.5961178541183472       --> : 216
loss : 0.7689245343208313       --> : 217
loss : 0.6836272478103638       --> : 218
loss : 0.7222239971160889       --> : 219
loss : 0.5700107216835022       --> : 220
loss : 0.8008323907852173       --> : 221
loss : 0.6867938041687012       --> : 222
loss : 0.5776386260986328       --> : 223
loss : 0.6098922491073608       --> : 224
loss : 0.5801683664321899       --> : 225
loss : 0.5907708406448364       --> : 226
loss : 0.5631670951843262       --> : 227
loss : 0.6943703293800354       --> : 228
loss : 0.6555062532424927       --> : 229
loss : 0.5951240062713623       --> : 230
loss : 0.5683199763298035       --> : 231
loss : 0.603967547416687       --> : 232
loss : 0.5103102922439575       --> : 233
loss : 0.6017442345619202       --> : 234
loss : 0.566780686378479       --> : 235
loss : 0.535039484500885       --> : 236
loss : 0.5473533272743225       --> : 237
loss : 0.5968852639198303       --> : 238
loss : 0.6023811101913452       --> : 239
loss : 0.6328237652778625       --> : 240
loss : 0.5487701296806335       --> : 241
loss : 0.5642184615135193       --> : 242
loss : 0.6440563201904297       --> : 243
loss : 0.5619718432426453       --> : 244
loss : 0.561735212802887       --> : 245
loss : 0.6338114142417908       --> : 246
loss : 0.5665079951286316       --> : 247
loss : 0.5342685580253601       --> : 248
loss : 0.5318315029144287       --> : 249
loss : 0.4859311282634735       --> : 250
loss : 0.6291902661323547       --> : 251
loss : 0.6539838314056396       --> : 252
loss : 0.586041271686554       --> : 253
loss : 0.5887369513511658       --> : 254
loss : 0.5523650646209717       --> : 255
loss : 0.5523650646209717      epoch --> : 1
loss : 0.48325929045677185       --> : 0
loss : 0.6968067288398743       --> : 1
loss : 0.7411112189292908       --> : 2
loss : 0.5901650190353394       --> : 3
loss : 0.6391392946243286       --> : 4
loss : 0.6849038600921631       --> : 5
loss : 0.6174734830856323       --> : 6
loss : 0.49807804822921753       --> : 7
loss : 0.6189372539520264       --> : 8
loss : 0.5667161345481873       --> : 9
loss : 0.5220358371734619       --> : 10
loss : 0.5352513790130615       --> : 11
loss : 0.5469735860824585       --> : 12
loss : 0.5632839798927307       --> : 13
loss : 0.7804867029190063       --> : 14
loss : 0.5399695038795471       --> : 15
loss : 0.43627792596817017       --> : 16
loss : 0.6009353399276733       --> : 17
loss : 0.540630042552948       --> : 18
loss : 0.6817740797996521       --> : 19
loss : 1.4826229810714722       --> : 20
loss : 0.604123055934906       --> : 21
loss : 0.5372359752655029       --> : 22
loss : 0.4437779188156128       --> : 23
loss : 0.5843071937561035       --> : 24
loss : 0.5290254354476929       --> : 25
loss : 0.5771029591560364       --> : 26
loss : 0.5599855780601501       --> : 27
loss : 0.5025209188461304       --> : 28
loss : 0.5936208963394165       --> : 29
loss : 0.5373414158821106       --> : 30
loss : 0.721418559551239       --> : 31
loss : 0.5549532175064087       --> : 32
loss : 0.5519835352897644       --> : 33
loss : 0.6083714365959167       --> : 34
loss : 0.6756478548049927       --> : 35
loss : 0.5530402660369873       --> : 36
loss : 0.4943612217903137       --> : 37
loss : 0.5290242433547974       --> : 38
loss : 0.5390508770942688       --> : 39
loss : 0.5379529595375061       --> : 40
loss : 0.5661358833312988       --> : 41
loss : 0.861787736415863       --> : 42
loss : 0.5245962738990784       --> : 43
loss : 0.4974130094051361       --> : 44
loss : 0.5048848986625671       --> : 45
loss : 0.5079779028892517       --> : 46
loss : 0.5341814160346985       --> : 47
loss : 0.5352230072021484       --> : 48
loss : 0.5218803882598877       --> : 49
loss : 0.5581275820732117       --> : 50
loss : 0.5338601469993591       --> : 51
loss : 0.6591691970825195       --> : 52
loss : 0.5607054829597473       --> : 53
loss : 0.6651742458343506       --> : 54
loss : 0.4964924454689026       --> : 55
loss : 0.629776656627655       --> : 56
loss : 0.5184093713760376       --> : 57
loss : 0.6188175678253174       --> : 58
loss : 0.568821370601654       --> : 59
loss : 0.5266535878181458       --> : 60
loss : 0.5395020842552185       --> : 61
loss : 0.8213553428649902       --> : 62
loss : 0.45539844036102295       --> : 63
loss : 0.6403948664665222       --> : 64
loss : 0.534473180770874       --> : 65
loss : 0.5264050960540771       --> : 66
loss : 0.51723712682724       --> : 67
loss : 0.49899592995643616       --> : 68
loss : 0.5800555348396301       --> : 69
loss : 0.47145891189575195       --> : 70
loss : 0.7269474267959595       --> : 71
loss : 0.7521552443504333       --> : 72
loss : 0.49775430560112       --> : 73
loss : 0.4744270145893097       --> : 74
loss : 0.531512975692749       --> : 75
loss : 0.6208977699279785       --> : 76
loss : 0.523383617401123       --> : 77
loss : 0.6065607666969299       --> : 78
loss : 0.7034021615982056       --> : 79
loss : 0.672690212726593       --> : 80
loss : 0.5440723896026611       --> : 81
loss : 0.583548903465271       --> : 82
loss : 0.535682201385498       --> : 83
loss : 0.5614373087882996       --> : 84
loss : 0.5547416806221008       --> : 85
loss : 0.47047537565231323       --> : 86
loss : 0.5607361793518066       --> : 87
loss : 0.5637803673744202       --> : 88
loss : 1.3794786930084229       --> : 89
loss : 0.5650168657302856       --> : 90
loss : 0.6268203854560852       --> : 91
loss : 0.5723698139190674       --> : 92
loss : 0.6004055738449097       --> : 93
loss : 0.5637349486351013       --> : 94
loss : 0.5657474994659424       --> : 95
loss : 0.48989367485046387       --> : 96
loss : 0.5103632807731628       --> : 97
loss : 0.6282690167427063       --> : 98
loss : 0.664132833480835       --> : 99
loss : 0.6355979442596436       --> : 100
loss : 0.5364034175872803       --> : 101
loss : 0.4884661138057709       --> : 102
loss : 0.7762868404388428       --> : 103
loss : 0.5597546100616455       --> : 104
loss : 0.5731332898139954       --> : 105
loss : 0.5523483753204346       --> : 106
loss : 0.5885316729545593       --> : 107
loss : 0.5376635789871216       --> : 108
loss : 0.5004202127456665       --> : 109
loss : 0.6951864957809448       --> : 110
loss : 0.5275675654411316       --> : 111
loss : 0.5144056081771851       --> : 112
loss : 0.5222433805465698       --> : 113
loss : 0.5301889181137085       --> : 114
loss : 0.557758092880249       --> : 115
loss : 0.6074061989784241       --> : 116
loss : 0.6339607238769531       --> : 117
loss : 0.727159857749939       --> : 118
loss : 0.697452962398529       --> : 119
loss : 0.5472341775894165       --> : 120
loss : 0.5651299357414246       --> : 121
loss : 0.5733474493026733       --> : 122
loss : 0.47728103399276733       --> : 123
loss : 0.5346081256866455       --> : 124
loss : 0.5347042679786682       --> : 125
loss : 0.9273836612701416       --> : 126
loss : 0.4709005057811737       --> : 127
loss : 0.5734528303146362       --> : 128
loss : 0.508925199508667       --> : 129
loss : 0.6159668564796448       --> : 130
loss : 0.6169919371604919       --> : 131
loss : 0.47658559679985046       --> : 132
loss : 0.5551124215126038       --> : 133
loss : 1.001471996307373       --> : 134
loss : 0.578926682472229       --> : 135
loss : 0.5435062050819397       --> : 136
loss : 0.5239123702049255       --> : 137
loss : 0.5155072212219238       --> : 138
loss : 0.6362817883491516       --> : 139
loss : 0.49992823600769043       --> : 140
loss : 0.49087366461753845       --> : 141
loss : 0.5595464110374451       --> : 142
loss : 0.5747972130775452       --> : 143
loss : 0.6003279089927673       --> : 144
loss : 0.5867517590522766       --> : 145
loss : 0.6533148884773254       --> : 146
loss : 0.5809372663497925       --> : 147
loss : 0.6903199553489685       --> : 148
loss : 0.5134937167167664       --> : 149
loss : 0.5949259996414185       --> : 150
loss : 0.5203889012336731       --> : 151
loss : 0.5157424211502075       --> : 152
loss : 0.5043072700500488       --> : 153
loss : 0.4529230296611786       --> : 154
loss : 0.5365327000617981       --> : 155
loss : 0.5900076627731323       --> : 156
loss : 0.5799980163574219       --> : 157
loss : 0.527994692325592       --> : 158
loss : 0.7142486572265625       --> : 159
loss : 0.5364446640014648       --> : 160
loss : 0.6313354969024658       --> : 161
loss : 0.5240327715873718       --> : 162
loss : 0.5444144010543823       --> : 163
loss : 0.609040379524231       --> : 164
loss : 0.5767296552658081       --> : 165
loss : 0.5260481238365173       --> : 166
loss : 0.5245603919029236       --> : 167
loss : 0.46340158581733704       --> : 168
loss : 0.48582950234413147       --> : 169
loss : 0.5311813950538635       --> : 170
loss : 0.5539619326591492       --> : 171
loss : 0.6103494763374329       --> : 172
loss : 0.5329990386962891       --> : 173
loss : 0.5241170525550842       --> : 174
loss : 0.5510752201080322       --> : 175
loss : 0.5395005345344543       --> : 176
loss : 0.5164534449577332       --> : 177
loss : 0.6148954033851624       --> : 178
loss : 0.5355277061462402       --> : 179
loss : 0.6013054251670837       --> : 180
loss : 0.5151010155677795       --> : 181
loss : 0.4563332200050354       --> : 182
loss : 0.547810971736908       --> : 183
loss : 0.5599234104156494       --> : 184
loss : 0.5254048109054565       --> : 185
loss : 0.5438640713691711       --> : 186
loss : 0.5001683235168457       --> : 187
loss : 0.46361109614372253       --> : 188
loss : 0.5664041042327881       --> : 189
loss : 0.5673680305480957       --> : 190
loss : 0.4909172058105469       --> : 191
loss : 0.5306956171989441       --> : 192
loss : 0.537818968296051       --> : 193
loss : 0.5152308344841003       --> : 194
loss : 0.5202765464782715       --> : 195
loss : 0.4727802276611328       --> : 196
loss : 0.5789841413497925       --> : 197
loss : 0.5993895530700684       --> : 198
loss : 0.5860681533813477       --> : 199
loss : 0.5201853513717651       --> : 200
loss : 0.6881887912750244       --> : 201
loss : 0.5805772542953491       --> : 202
loss : 0.5159357190132141       --> : 203
loss : 0.5890769958496094       --> : 204
loss : 0.512883722782135       --> : 205
loss : 0.5000429749488831       --> : 206
loss : 0.638155996799469       --> : 207
loss : 0.47680801153182983       --> : 208
loss : 0.527949333190918       --> : 209
loss : 0.6118376851081848       --> : 210
loss : 0.46355751156806946       --> : 211
loss : 0.4520626664161682       --> : 212
loss : 0.5418354868888855       --> : 213
loss : 0.5841972231864929       --> : 214
loss : 0.5279734134674072       --> : 215
loss : 0.5710994005203247       --> : 216
loss : 0.5484551787376404       --> : 217
loss : 0.5267091989517212       --> : 218
loss : 0.5956870317459106       --> : 219
loss : 0.5516926646232605       --> : 220
loss : 0.5351677536964417       --> : 221
loss : 0.4674752354621887       --> : 222
loss : 0.5322525501251221       --> : 223
loss : 0.6587547063827515       --> : 224
loss : 0.6354160308837891       --> : 225
loss : 0.5767416954040527       --> : 226
loss : 0.6025846600532532       --> : 227
loss : 0.5568948984146118       --> : 228
loss : 0.6139135956764221       --> : 229
loss : 0.6063603758811951       --> : 230
loss : 0.5590391159057617       --> : 231
loss : 0.6192741990089417       --> : 232
loss : 0.5722028017044067       --> : 233
loss : 0.6077716946601868       --> : 234
loss : 0.5293449759483337       --> : 235
loss : 0.571514904499054       --> : 236
loss : 0.5555694103240967       --> : 237
loss : 0.5604798197746277       --> : 238
loss : 0.5493921041488647       --> : 239
loss : 0.5868024826049805       --> : 240
loss : 0.5255078673362732       --> : 241
loss : 0.5948078036308289       --> : 242
loss : 0.49096715450286865       --> : 243
loss : 0.5182271599769592       --> : 244
loss : 0.5559663772583008       --> : 245
loss : 0.6930269598960876       --> : 246
loss : 0.5123095512390137       --> : 247
loss : 0.5671364068984985       --> : 248
loss : 0.5700241327285767       --> : 249
loss : 0.4882652163505554       --> : 250
loss : 0.5574495196342468       --> : 251
loss : 0.6059290170669556       --> : 252
loss : 0.5215104222297668       --> : 253
loss : 0.5514848232269287       --> : 254
loss : 0.5683310031890869       --> : 255
loss : 0.5683310031890869      epoch --> : 2
loss : 0.46356201171875       --> : 0
loss : 0.4982090890407562       --> : 1
loss : 0.5398595333099365       --> : 2
loss : 0.5338090062141418       --> : 3
loss : 0.6099473834037781       --> : 4
loss : 0.7410252690315247       --> : 5
loss : 0.5633277297019958       --> : 6
loss : 0.522014856338501       --> : 7
loss : 0.6311361193656921       --> : 8
loss : 0.5661965608596802       --> : 9
loss : 0.5555694699287415       --> : 10
loss : 0.4707610011100769       --> : 11
loss : 0.5045285224914551       --> : 12
loss : 0.5562344193458557       --> : 13
loss : 0.5786451697349548       --> : 14
loss : 0.46555471420288086       --> : 15
loss : 0.40266263484954834       --> : 16
loss : 0.5968636274337769       --> : 17
loss : 0.5171018242835999       --> : 18
loss : 0.6428717374801636       --> : 19
loss : 1.4426790475845337       --> : 20
loss : 0.5401101112365723       --> : 21
loss : 0.5115732550621033       --> : 22
loss : 0.4752061069011688       --> : 23
loss : 0.5713087916374207       --> : 24
loss : 0.5221420526504517       --> : 25
loss : 0.5467332601547241       --> : 26
loss : 0.5813794136047363       --> : 27
loss : 0.4790985882282257       --> : 28
loss : 0.48073610663414       --> : 29
loss : 0.505279541015625       --> : 30
loss : 0.7523460984230042       --> : 31
loss : 0.5516988039016724       --> : 32
loss : 0.5831706523895264       --> : 33
loss : 0.6462334990501404       --> : 34
loss : 0.6098790168762207       --> : 35
loss : 0.5970620512962341       --> : 36
loss : 0.4908166229724884       --> : 37
loss : 0.47687941789627075       --> : 38
loss : 0.654975175857544       --> : 39
loss : 0.4971070885658264       --> : 40
loss : 0.5233251452445984       --> : 41
loss : 0.8768933415412903       --> : 42
loss : 0.5479730367660522       --> : 43
loss : 0.5420363545417786       --> : 44
loss : 0.5813478827476501       --> : 45
loss : 0.5551109313964844       --> : 46
loss : 0.5659757852554321       --> : 47
loss : 0.5356178283691406       --> : 48
loss : 0.4959966838359833       --> : 49
loss : 0.5371187925338745       --> : 50
loss : 0.5314027070999146       --> : 51
loss : 0.6495120525360107       --> : 52
loss : 0.47841018438339233       --> : 53
loss : 0.5204665064811707       --> : 54
loss : 0.5157430768013       --> : 55
loss : 0.5717640519142151       --> : 56
loss : 0.5384424924850464       --> : 57
loss : 0.5208278298377991       --> : 58
loss : 0.5457558631896973       --> : 59
loss : 0.5929694175720215       --> : 60
loss : 0.507477879524231       --> : 61
loss : 0.8464531898498535       --> : 62
loss : 0.46832501888275146       --> : 63
loss : 0.5860876441001892       --> : 64
loss : 0.5390129685401917       --> : 65
loss : 0.5560755133628845       --> : 66
loss : 0.5251088738441467       --> : 67
loss : 0.5511845350265503       --> : 68
loss : 0.512734055519104       --> : 69
loss : 0.4821625351905823       --> : 70
loss : 0.6129797697067261       --> : 71
loss : 0.7944977879524231       --> : 72
loss : 0.5891819000244141       --> : 73
loss : 0.5499184727668762       --> : 74
loss : 0.6213056445121765       --> : 75
loss : 0.5349063873291016       --> : 76
loss : 0.49342110753059387       --> : 77
loss : 0.5844162702560425       --> : 78
loss : 0.6471540927886963       --> : 79
loss : 0.614109456539154       --> : 80
loss : 0.6229875683784485       --> : 81
loss : 0.5290049314498901       --> : 82
loss : 0.5749499201774597       --> : 83
loss : 0.6617549657821655       --> : 84
loss : 0.6323254704475403       --> : 85
loss : 0.5045881271362305       --> : 86
loss : 0.5879001617431641       --> : 87
loss : 0.6330636739730835       --> : 88
loss : 1.326546549797058       --> : 89
loss : 0.5583027005195618       --> : 90
loss : 0.5529261827468872       --> : 91
loss : 0.5422506332397461       --> : 92
loss : 0.5567560791969299       --> : 93
loss : 0.5251073837280273       --> : 94
loss : 0.5881645083427429       --> : 95
loss : 0.5270189046859741       --> : 96
loss : 0.4823499619960785       --> : 97
loss : 0.5792504549026489       --> : 98
loss : 0.5873537659645081       --> : 99
loss : 0.5586962103843689       --> : 100
loss : 0.5278360247612       --> : 101
loss : 0.5111420154571533       --> : 102
loss : 0.8522308468818665       --> : 103
loss : 0.5655630826950073       --> : 104
loss : 0.5380861163139343       --> : 105
loss : 0.5545706152915955       --> : 106
loss : 0.5311144590377808       --> : 107
loss : 0.5518075227737427       --> : 108
loss : 0.5191273093223572       --> : 109
loss : 0.7029672861099243       --> : 110
loss : 0.5640648007392883       --> : 111
loss : 0.5389826893806458       --> : 112
loss : 0.5421138405799866       --> : 113
loss : 0.49512287974357605       --> : 114
loss : 0.5568965077400208       --> : 115
loss : 0.5168871879577637       --> : 116
loss : 0.6277464628219604       --> : 117
loss : 0.6841884255409241       --> : 118
loss : 0.7724823951721191       --> : 119
loss : 0.5013001561164856       --> : 120
loss : 0.5315448641777039       --> : 121
loss : 0.5333860516548157       --> : 122
loss : 0.5851156711578369       --> : 123
loss : 0.5770549178123474       --> : 124
loss : 0.5381151437759399       --> : 125
loss : 0.8363147974014282       --> : 126
loss : 0.5103721022605896       --> : 127
loss : 0.5243621468544006       --> : 128
loss : 0.5084977746009827       --> : 129
loss : 0.5241816639900208       --> : 130
loss : 0.6078922152519226       --> : 131
loss : 0.5586929321289062       --> : 132
loss : 0.5525146722793579       --> : 133
loss : 1.0501905679702759       --> : 134
loss : 0.5749143362045288       --> : 135
loss : 0.5474638342857361       --> : 136
loss : 0.5421671867370605       --> : 137
loss : 0.48031219840049744       --> : 138
loss : 0.5525398850440979       --> : 139
loss : 0.5180044174194336       --> : 140
loss : 0.5281208753585815       --> : 141
loss : 0.5768016576766968       --> : 142
loss : 0.5678057670593262       --> : 143
loss : 0.547309160232544       --> : 144
loss : 0.5551647543907166       --> : 145
loss : 0.5688819289207458       --> : 146
loss : 0.6125035881996155       --> : 147
loss : 0.6804923415184021       --> : 148
loss : 0.5022070407867432       --> : 149
loss : 0.5645110607147217       --> : 150
loss : 0.4960170388221741       --> : 151
loss : 0.5457260608673096       --> : 152
loss : 0.5589008331298828       --> : 153
loss : 0.5129313468933105       --> : 154
loss : 0.5450971126556396       --> : 155
loss : 0.5622639656066895       --> : 156
loss : 0.5276941657066345       --> : 157
loss : 0.4956088960170746       --> : 158
loss : 0.7449672222137451       --> : 159
loss : 0.5211277604103088       --> : 160
loss : 0.552563488483429       --> : 161
